{"level":"info","message":"⌛ Building environment","timeElapsed":214,"timestamp":"2025-06-21T03:24:35.932Z"}
{"level":"info","message":"⌛ Validating personajes.wlk","timeElapsed":153,"timestamp":"2025-06-21T03:24:36.137Z"}
{"level":"info","message":"⌛ Building environment","timeElapsed":216,"timestamp":"2025-06-21T03:24:36.353Z"}
{"level":"info","message":"⌛ Building environment","timeElapsed":256,"timestamp":"2025-06-21T03:24:36.617Z"}
{"level":"info","message":"⌛ Building environment","timeElapsed":264,"timestamp":"2025-06-21T03:24:36.887Z"}
{"level":"info","message":"⌛ Validating personajes.wlk","timeElapsed":170,"timestamp":"2025-06-21T03:24:37.058Z"}
{"level":"info","message":"⌛ Building environment","timeElapsed":241,"timestamp":"2025-06-21T03:24:37.299Z"}
{"level":"info","message":"⌛ Building environment","timeElapsed":252,"timestamp":"2025-06-21T03:24:37.552Z"}
{"level":"info","message":"⌛ Validating personajes.wlk","timeElapsed":175,"timestamp":"2025-06-21T03:24:37.727Z"}
{"level":"info","message":"⌛ Validating personajes.wlk","timeElapsed":154,"timestamp":"2025-06-21T03:24:37.918Z"}
{"level":"info","message":"⌛ Validating personajes.wlk","timeElapsed":154,"timestamp":"2025-06-21T03:24:38.098Z"}
{"level":"info","message":"⌛ Building environment","timeElapsed":213,"timestamp":"2025-06-21T03:24:38.314Z"}
{"level":"info","message":"⌛ Validating personajes.wlk","timeElapsed":159,"timestamp":"2025-06-21T03:24:38.475Z"}
{"level":"info","message":"⌛ Validating personajes.wlk","timeElapsed":157,"timestamp":"2025-06-21T03:24:38.669Z"}
{"level":"info","message":"⌛ Validating personajes.wlk","timeElapsed":146,"timestamp":"2025-06-21T03:24:38.841Z"}
{"level":"info","message":"⌛ Building environment","timeElapsed":212,"timestamp":"2025-06-21T03:24:39.058Z"}
{"level":"info","message":"⌛ Validating personajes.wlk","timeElapsed":154,"timestamp":"2025-06-21T03:24:39.219Z"}
{"level":"info","message":"⌛ Validating personajes.wlk","timeElapsed":155,"timestamp":"2025-06-21T03:24:39.402Z"}
{"level":"info","message":"⌛ Building environment","timeElapsed":217,"timestamp":"2025-06-21T03:24:42.698Z"}
{"level":"info","message":"⌛ Validating personajes.wlk","timeElapsed":165,"timestamp":"2025-06-21T03:24:42.865Z"}
{"level":"info","message":"⌛ Building environment","timeElapsed":208,"timestamp":"2025-06-21T03:24:43.073Z"}
{"level":"info","message":"⌛ Building environment","timeElapsed":221,"timestamp":"2025-06-21T03:24:43.296Z"}
{"level":"info","message":"⌛ Validating personajes.wlk","timeElapsed":174,"timestamp":"2025-06-21T03:24:43.471Z"}
{"level":"info","message":"⌛ Building environment","timeElapsed":205,"timestamp":"2025-06-21T03:24:43.676Z"}
{"level":"info","message":"⌛ Building environment","timeElapsed":219,"timestamp":"2025-06-21T03:24:43.896Z"}
{"level":"info","message":"⌛ Validating personajes.wlk","timeElapsed":201,"timestamp":"2025-06-21T03:24:44.109Z"}
{"level":"info","message":"⌛ Building environment","timeElapsed":215,"timestamp":"2025-06-21T03:24:44.325Z"}
{"level":"info","message":"⌛ Validating personajes.wlk","timeElapsed":162,"timestamp":"2025-06-21T03:24:44.487Z"}
{"level":"info","message":"⌛ Building environment","timeElapsed":207,"timestamp":"2025-06-21T03:24:44.728Z"}
{"level":"info","message":"⌛ Validating personajes.wlk","timeElapsed":172,"timestamp":"2025-06-21T03:24:44.900Z"}
{"level":"info","message":"⌛ Building environment","timeElapsed":205,"timestamp":"2025-06-21T03:24:45.115Z"}
{"level":"info","message":"⌛ Validating personajes.wlk","timeElapsed":157,"timestamp":"2025-06-21T03:24:45.282Z"}
{"level":"info","message":"⌛ Validating personajes.wlk","timeElapsed":153,"timestamp":"2025-06-21T03:24:45.443Z"}
{"level":"info","message":"⌛ Building environment","timeElapsed":228,"timestamp":"2025-06-21T03:24:45.698Z"}
{"level":"info","message":"⌛ Validating personajes.wlk","timeElapsed":153,"timestamp":"2025-06-21T03:24:45.892Z"}
{"level":"info","message":"⌛ Building environment","timeElapsed":226,"timestamp":"2025-06-21T03:24:46.119Z"}
{"level":"info","message":"⌛ Building environment","timeElapsed":293,"timestamp":"2025-06-21T03:24:46.419Z"}
{"level":"info","message":"⌛ Validating personajes.wlk","timeElapsed":156,"timestamp":"2025-06-21T03:24:46.582Z"}
{"level":"info","message":"⌛ Building environment","timeElapsed":290,"timestamp":"2025-06-21T03:24:46.916Z"}
{"level":"info","message":"⌛ Validating personajes.wlk","timeElapsed":231,"timestamp":"2025-06-21T03:24:47.148Z"}
{"level":"info","message":"⌛ Building environment","timeElapsed":231,"timestamp":"2025-06-21T03:24:47.380Z"}
{"level":"info","message":"⌛ Validating personajes.wlk","timeElapsed":191,"timestamp":"2025-06-21T03:24:47.572Z"}
{"level":"info","message":"⌛ Building environment","timeElapsed":229,"timestamp":"2025-06-21T03:24:47.838Z"}
{"level":"info","message":"⌛ Building environment","timeElapsed":247,"timestamp":"2025-06-21T03:24:48.086Z"}
{"level":"info","message":"⌛ Building environment","timeElapsed":218,"timestamp":"2025-06-21T03:24:48.306Z"}
{"level":"info","message":"⌛ Validating personajes.wlk","timeElapsed":165,"timestamp":"2025-06-21T03:24:48.471Z"}
{"level":"info","message":"⌛ Building environment","timeElapsed":207,"timestamp":"2025-06-21T03:24:48.678Z"}
{"level":"info","message":"⌛ Building environment","timeElapsed":213,"timestamp":"2025-06-21T03:24:48.892Z"}
{"level":"info","message":"⌛ Building environment","timeElapsed":218,"timestamp":"2025-06-21T03:24:49.111Z"}
{"level":"info","message":"⌛ Validating personajes.wlk","timeElapsed":166,"timestamp":"2025-06-21T03:24:49.278Z"}
{"level":"info","message":"⌛ Building environment","timeElapsed":212,"timestamp":"2025-06-21T03:24:49.527Z"}
{"level":"info","message":"⌛ Validating personajes.wlk","timeElapsed":159,"timestamp":"2025-06-21T03:24:49.687Z"}
{"level":"info","message":"⌛ Validating personajes.wlk","timeElapsed":154,"timestamp":"2025-06-21T03:24:49.874Z"}
{"level":"info","message":"⌛ Building environment","timeElapsed":215,"timestamp":"2025-06-21T03:24:50.091Z"}
{"level":"info","message":"⌛ Validating personajes.wlk","timeElapsed":174,"timestamp":"2025-06-21T03:24:50.265Z"}
{"level":"info","message":"⌛ Building environment","timeElapsed":296,"timestamp":"2025-06-21T03:24:50.572Z"}
{"level":"info","message":"⌛ Validating personajes.wlk","timeElapsed":161,"timestamp":"2025-06-21T03:24:50.742Z"}
{"level":"info","message":"⌛ Validating personajes.wlk","timeElapsed":166,"timestamp":"2025-06-21T03:24:50.908Z"}
{"level":"info","message":"⌛ Building environment","timeElapsed":222,"timestamp":"2025-06-21T03:24:51.137Z"}
{"level":"info","message":"⌛ Validating personajes.wlk","timeElapsed":157,"timestamp":"2025-06-21T03:24:51.294Z"}
{"level":"info","message":"⌛ Building environment","timeElapsed":208,"timestamp":"2025-06-21T03:24:51.510Z"}
{"level":"info","message":"⌛ Validating personajes.wlk","timeElapsed":154,"timestamp":"2025-06-21T03:24:51.665Z"}
{"level":"info","message":"⌛ Building environment","timeElapsed":207,"timestamp":"2025-06-21T03:24:51.880Z"}
{"level":"info","message":"⌛ Validating personajes.wlk","timeElapsed":165,"timestamp":"2025-06-21T03:24:52.045Z"}
{"level":"info","message":"⌛ Building environment","timeElapsed":206,"timestamp":"2025-06-21T03:24:52.251Z"}
{"level":"info","message":"⌛ Building environment","timeElapsed":212,"timestamp":"2025-06-21T03:24:52.465Z"}
{"level":"info","message":"⌛ Validating personajes.wlk","timeElapsed":169,"timestamp":"2025-06-21T03:24:52.635Z"}
{"level":"info","message":"⌛ Building environment","timeElapsed":208,"timestamp":"2025-06-21T03:24:52.879Z"}
{"level":"info","message":"⌛ Validating personajes.wlk","timeElapsed":158,"timestamp":"2025-06-21T03:24:53.054Z"}
{"level":"info","message":"⌛ Validating personajes.wlk","timeElapsed":154,"timestamp":"2025-06-21T03:24:53.234Z"}
{"level":"info","message":"⌛ Validating personajes.wlk","timeElapsed":148,"timestamp":"2025-06-21T03:24:53.409Z"}
{"level":"info","message":"⌛ Validating personajes.wlk","timeElapsed":155,"timestamp":"2025-06-21T03:24:53.590Z"}
{"level":"info","message":"⌛ Validating personajes.wlk","timeElapsed":148,"timestamp":"2025-06-21T03:24:53.761Z"}
{"level":"info","message":"⌛ Building environment","timeElapsed":214,"timestamp":"2025-06-21T03:24:53.975Z"}
{"level":"info","message":"⌛ Validating personajes.wlk","timeElapsed":160,"timestamp":"2025-06-21T03:24:54.135Z"}
{"level":"info","message":"⌛ Building environment","timeElapsed":283,"timestamp":"2025-06-21T03:24:54.453Z"}
{"level":"info","message":"⌛ Building environment","timeElapsed":217,"timestamp":"2025-06-21T03:24:54.679Z"}
{"level":"info","message":"⌛ Validating personajes.wlk","timeElapsed":185,"timestamp":"2025-06-21T03:24:54.864Z"}
{"level":"info","message":"⌛ Building environment","timeElapsed":253,"timestamp":"2025-06-21T03:24:55.129Z"}
{"level":"info","message":"⌛ Validating personajes.wlk","timeElapsed":164,"timestamp":"2025-06-21T03:24:55.302Z"}
{"level":"info","message":"⌛ Building environment","timeElapsed":202,"timestamp":"2025-06-21T03:24:55.539Z"}
{"level":"info","message":"⌛ Validating personajes.wlk","timeElapsed":162,"timestamp":"2025-06-21T03:24:55.703Z"}
{"level":"info","message":"⌛ Validating personajes.wlk","timeElapsed":153,"timestamp":"2025-06-21T03:24:55.862Z"}
{"level":"info","message":"⌛ Validating personajes.wlk","timeElapsed":156,"timestamp":"2025-06-21T03:24:56.018Z"}
{"level":"info","message":"⌛ Building environment","timeElapsed":222,"timestamp":"2025-06-21T03:24:56.242Z"}
{"level":"info","message":"⌛ Validating personajes.wlk","timeElapsed":165,"timestamp":"2025-06-21T03:24:56.413Z"}
{"level":"info","message":"⌛ Building environment","timeElapsed":229,"timestamp":"2025-06-21T03:24:56.853Z"}
{"level":"info","message":"⌛ Validating personajes.wlk","timeElapsed":159,"timestamp":"2025-06-21T03:24:57.013Z"}
{"level":"error","message":"✘ Failed to rebuild document Failed to parse personajes.wlk: \n-- PARSING FAILED --------------------------------------------------\n\n  253 |       }) */\n  254 |   }\n> 255 | }\n      | ^\n  256 | \n  257 | object nivel0 {\n\nExpected one of the following: \n\n' ', '@', 'class', 'const', 'describe', 'mixin', 'object', 'only', 'package', 'program', 'test', 'var', '{', EOF, comment, not \"}\r\n\r\n\", whitespace\n","stack":"Error: Failed to parse personajes.wlk: \n-- PARSING FAILED --------------------------------------------------\n\n  253 |       }) */\n  254 |   }\n> 255 | }\n      | ^\n  256 | \n  257 | object nivel0 {\n\nExpected one of the following: \n\n' ', '@', 'class', 'const', 'describe', 'mixin', 'object', 'only', 'package', 'program', 'test', 'var', '{', EOF, comment, not \"}\r\n\r\n\", whitespace\n\n    at c:\\Users\\maima\\.vscode\\extensions\\uqbar.wollok-lsp-ide-0.5.2\\out\\server\\src\\server.js:2326:13026\n    at Array.map (<anonymous>)\n    at D1n (c:\\Users\\maima\\.vscode\\extensions\\uqbar.wollok-lsp-ide-0.5.2\\out\\server\\src\\server.js:2326:12950)\n    at W2.buildEnvironmentFrom (c:\\Users\\maima\\.vscode\\extensions\\uqbar.wollok-lsp-ide-0.5.2\\out\\server\\src\\server.js:2371:5254)\n    at W2.updateEnvironmentWith (c:\\Users\\maima\\.vscode\\extensions\\uqbar.wollok-lsp-ide-0.5.2\\out\\server\\src\\server.js:2371:4989)\n    at GF (c:\\Users\\maima\\.vscode\\extensions\\uqbar.wollok-lsp-ide-0.5.2\\out\\server\\src\\server.js:2371:7383)\n    at L3.invoke (c:\\Users\\maima\\.vscode\\extensions\\uqbar.wollok-lsp-ide-0.5.2\\out\\server\\src\\server.js:3:157326)\n    at o.fire (c:\\Users\\maima\\.vscode\\extensions\\uqbar.wollok-lsp-ide-0.5.2\\out\\server\\src\\server.js:3:158096)\n    at c:\\Users\\maima\\.vscode\\extensions\\uqbar.wollok-lsp-ide-0.5.2\\out\\server\\src\\server.js:37:57871\n    at Kr (c:\\Users\\maima\\.vscode\\extensions\\uqbar.wollok-lsp-ide-0.5.2\\out\\server\\src\\server.js:8:1561)","timestamp":"2025-06-21T03:24:57.287Z"}
{"level":"info","message":"⌛ Building environment","timeElapsed":208,"timestamp":"2025-06-21T03:24:57.956Z"}
{"level":"info","message":"⌛ Validating personajes.wlk","timeElapsed":162,"timestamp":"2025-06-21T03:24:58.130Z"}
{"level":"info","message":"⌛ Building environment","timeElapsed":232,"timestamp":"2025-06-21T03:24:58.406Z"}
{"level":"info","message":"⌛ Validating personajes.wlk","timeElapsed":164,"timestamp":"2025-06-21T03:24:58.572Z"}
{"level":"info","message":"⌛ Building environment","timeElapsed":209,"timestamp":"2025-06-21T03:24:58.843Z"}
{"level":"info","message":"⌛ Validating personajes.wlk","timeElapsed":160,"timestamp":"2025-06-21T03:24:59.004Z"}
{"level":"info","message":"⌛ Building environment","timeElapsed":207,"timestamp":"2025-06-21T03:24:59.279Z"}
{"level":"info","message":"⌛ Validating personajes.wlk","timeElapsed":164,"timestamp":"2025-06-21T03:24:59.445Z"}
{"level":"info","message":"⌛ Building environment","timeElapsed":203,"timestamp":"2025-06-21T03:24:59.754Z"}
{"level":"info","message":"⌛ Validating personajes.wlk","timeElapsed":168,"timestamp":"2025-06-21T03:24:59.923Z"}
{"level":"info","message":"⌛ Building environment","timeElapsed":208,"timestamp":"2025-06-21T03:25:00.191Z"}
{"level":"info","message":"⌛ Validating personajes.wlk","timeElapsed":162,"timestamp":"2025-06-21T03:25:00.355Z"}
{"level":"info","message":"⌛ Building environment","timeElapsed":207,"timestamp":"2025-06-21T03:25:00.660Z"}
{"level":"info","message":"⌛ Validating personajes.wlk","timeElapsed":192,"timestamp":"2025-06-21T03:25:00.854Z"}
{"level":"info","message":"⌛ Building environment","timeElapsed":201,"timestamp":"2025-06-21T03:25:01.186Z"}
{"level":"info","message":"⌛ Validating personajes.wlk","timeElapsed":170,"timestamp":"2025-06-21T03:25:01.358Z"}
{"level":"info","message":"⌛ Building environment","timeElapsed":210,"timestamp":"2025-06-21T03:25:01.677Z"}
{"level":"info","message":"⌛ Validating personajes.wlk","timeElapsed":158,"timestamp":"2025-06-21T03:25:01.836Z"}
{"level":"info","message":"⌛ Building environment","timeElapsed":249,"timestamp":"2025-06-21T03:25:02.204Z"}
{"level":"info","message":"⌛ Validating personajes.wlk","timeElapsed":161,"timestamp":"2025-06-21T03:25:02.367Z"}
{"level":"info","message":"⌛ Building environment","timeElapsed":212,"timestamp":"2025-06-21T03:25:02.729Z"}
{"level":"info","message":"⌛ Validating personajes.wlk","timeElapsed":175,"timestamp":"2025-06-21T03:25:02.905Z"}
{"level":"info","message":"⌛ Building environment","timeElapsed":235,"timestamp":"2025-06-21T03:25:03.221Z"}
{"level":"info","message":"⌛ Validating personajes.wlk","timeElapsed":171,"timestamp":"2025-06-21T03:25:03.393Z"}
{"level":"info","message":"🚀 Program executed \u001b[3m\u001b[34mmainprogram.juego\u001b[39m\u001b[23m on \u001b[3m\u001b[34mc:\\Users\\maima\\OneDrive\\Documents\\Visual Studio Code\\Wollok\\juego gordito alien pc\\Practica-Juego-con-Wollok-\u001b[39m\u001b[23m","ok":true,"timeElapsed":723,"timestamp":"2025-06-21T03:25:13.466Z"}
{"exitCode":"SIGHUP","level":"info","message":"👾 Game executed mainprogram.juego on c:\\Users\\maima\\OneDrive\\Documents\\Visual Studio Code\\Wollok\\juego gordito alien pc\\Practica-Juego-con-Wollok-","timeElapsed":107874,"timestamp":"2025-06-21T03:27:00.616Z"}
