{"level":"info","message":"⌛ Building environment","timeElapsed":102,"timestamp":"2025-07-03T20:22:11.030Z"}
{"level":"info","message":"⌛ Validating nivel3.wlk","timeElapsed":150,"timestamp":"2025-07-03T20:22:11.181Z"}
{"level":"info","message":"⌛ Building environment","timeElapsed":104,"timestamp":"2025-07-03T20:22:45.674Z"}
{"level":"info","message":"⌛ Validating nivel3.wlk","timeElapsed":151,"timestamp":"2025-07-03T20:22:45.826Z"}
{"level":"info","message":"⌛ Building environment","timeElapsed":107,"timestamp":"2025-07-03T20:22:50.316Z"}
{"level":"info","message":"⌛ Validating nivel3.wlk","timeElapsed":163,"timestamp":"2025-07-03T20:22:50.480Z"}
{"level":"info","message":"⌛ Building environment","timeElapsed":104,"timestamp":"2025-07-03T20:22:50.712Z"}
{"level":"info","message":"⌛ Validating nivel3.wlk","timeElapsed":120,"timestamp":"2025-07-03T20:22:50.834Z"}
{"level":"info","message":"⌛ Building environment","timeElapsed":120,"timestamp":"2025-07-03T20:22:56.073Z"}
{"level":"info","message":"⌛ Validating nivel3.wlk","timeElapsed":139,"timestamp":"2025-07-03T20:22:56.213Z"}
{"level":"info","message":"⌛ Building environment","timeElapsed":128,"timestamp":"2025-07-03T20:23:13.927Z"}
{"level":"info","message":"⌛ Validating nivel3.wlk","timeElapsed":147,"timestamp":"2025-07-03T20:23:14.176Z"}
{"level":"info","message":"⌛ Validating nivel3.wlk","timeElapsed":138,"timestamp":"2025-07-03T20:23:14.315Z"}
{"level":"info","message":"⌛ Validating nivel3.wlk","timeElapsed":145,"timestamp":"2025-07-03T20:23:14.626Z"}
{"level":"error","message":"✘ Failed to rebuild document Failed to parse nivel3.wlk: \n-- PARSING FAILED --------------------------------------------------\n\n  46 |       })\n  47 |     })\n> 48 |   }\n     |   ^\n  49 | \n  50 |   method nivelCancion() = cancionNivel3\n\nExpected one of the following: \n\n'@', 'class', 'const', 'describe', 'mixin', 'object', 'only', 'package', 'program', 'test', 'var', '{', EOF, comment, not \"}\r\n\r\n  \", whitespace\n","stack":"Error: Failed to parse nivel3.wlk: \n-- PARSING FAILED --------------------------------------------------\n\n  46 |       })\n  47 |     })\n> 48 |   }\n     |   ^\n  49 | \n  50 |   method nivelCancion() = cancionNivel3\n\nExpected one of the following: \n\n'@', 'class', 'const', 'describe', 'mixin', 'object', 'only', 'package', 'program', 'test', 'var', '{', EOF, comment, not \"}\r\n\r\n  \", whitespace\n\n    at c:\\Users\\maima\\.vscode\\extensions\\uqbar.wollok-lsp-ide-0.5.2\\out\\server\\src\\server.js:2326:13026\n    at Array.map (<anonymous>)\n    at D1n (c:\\Users\\maima\\.vscode\\extensions\\uqbar.wollok-lsp-ide-0.5.2\\out\\server\\src\\server.js:2326:12950)\n    at W2.buildEnvironmentFrom (c:\\Users\\maima\\.vscode\\extensions\\uqbar.wollok-lsp-ide-0.5.2\\out\\server\\src\\server.js:2371:5254)\n    at W2.updateEnvironmentWith (c:\\Users\\maima\\.vscode\\extensions\\uqbar.wollok-lsp-ide-0.5.2\\out\\server\\src\\server.js:2371:4989)\n    at GF (c:\\Users\\maima\\.vscode\\extensions\\uqbar.wollok-lsp-ide-0.5.2\\out\\server\\src\\server.js:2371:7383)\n    at L3.invoke (c:\\Users\\maima\\.vscode\\extensions\\uqbar.wollok-lsp-ide-0.5.2\\out\\server\\src\\server.js:3:157326)\n    at o.fire (c:\\Users\\maima\\.vscode\\extensions\\uqbar.wollok-lsp-ide-0.5.2\\out\\server\\src\\server.js:3:158096)\n    at c:\\Users\\maima\\.vscode\\extensions\\uqbar.wollok-lsp-ide-0.5.2\\out\\server\\src\\server.js:37:57871\n    at Kr (c:\\Users\\maima\\.vscode\\extensions\\uqbar.wollok-lsp-ide-0.5.2\\out\\server\\src\\server.js:8:1561)","timestamp":"2025-07-03T20:23:14.662Z"}
{"level":"info","message":"⌛ Building environment","timeElapsed":108,"timestamp":"2025-07-03T20:23:15.473Z"}
{"level":"info","message":"⌛ Validating nivel3.wlk","timeElapsed":147,"timestamp":"2025-07-03T20:23:15.620Z"}
{"level":"info","message":"🚀 Program executed \u001b[3m\u001b[34mmainprogram.juego\u001b[39m\u001b[23m on \u001b[3m\u001b[34mc:\\Users\\maima\\OneDrive\\Documents\\Visual Studio Code\\Wollok\\juego gordito alien pc\\Practica-Juego-con-Wollok-\u001b[39m\u001b[23m","ok":true,"timeElapsed":813,"timestamp":"2025-07-03T20:23:27.966Z"}
{"level":"info","message":"⌛ Building environment","timeElapsed":162,"timestamp":"2025-07-03T20:23:51.904Z"}
{"level":"info","message":"⌛ Validating imagenIndicaciones.wlk","timeElapsed":171,"timestamp":"2025-07-03T20:23:52.178Z"}
{"level":"info","message":"⌛ Validating imagenIndicaciones.wlk","timeElapsed":144,"timestamp":"2025-07-03T20:23:52.322Z"}
{"exitCode":"SIGHUP","level":"info","message":"👾 Game executed mainprogram.juego on c:\\Users\\maima\\OneDrive\\Documents\\Visual Studio Code\\Wollok\\juego gordito alien pc\\Practica-Juego-con-Wollok-","timeElapsed":28151,"timestamp":"2025-07-03T20:23:55.304Z"}
{"level":"info","message":"🚀 Program executed \u001b[3m\u001b[34mmainprogram.juego\u001b[39m\u001b[23m on \u001b[3m\u001b[34mc:\\Users\\maima\\OneDrive\\Documents\\Visual Studio Code\\Wollok\\juego gordito alien pc\\Practica-Juego-con-Wollok-\u001b[39m\u001b[23m","ok":true,"timeElapsed":820,"timestamp":"2025-07-03T20:23:59.201Z"}
{"level":"info","message":"⌛ Building environment","timeElapsed":126,"timestamp":"2025-07-03T20:24:13.935Z"}
{"level":"info","message":"⌛ Building environment","timeElapsed":111,"timestamp":"2025-07-03T20:24:14.047Z"}
{"level":"info","message":"⌛ Validating imagenIndicaciones.wlk","timeElapsed":156,"timestamp":"2025-07-03T20:24:14.204Z"}
{"level":"info","message":"⌛ Validating imagenIndicaciones.wlk","timeElapsed":148,"timestamp":"2025-07-03T20:24:14.353Z"}
{"exitCode":"SIGHUP","level":"info","message":"👾 Game executed mainprogram.juego on c:\\Users\\maima\\OneDrive\\Documents\\Visual Studio Code\\Wollok\\juego gordito alien pc\\Practica-Juego-con-Wollok-","timeElapsed":22376,"timestamp":"2025-07-03T20:24:20.755Z"}
{"level":"info","message":"🚀 Program executed \u001b[3m\u001b[34mmainprogram.juego\u001b[39m\u001b[23m on \u001b[3m\u001b[34mc:\\Users\\maima\\OneDrive\\Documents\\Visual Studio Code\\Wollok\\juego gordito alien pc\\Practica-Juego-con-Wollok-\u001b[39m\u001b[23m","ok":true,"timeElapsed":867,"timestamp":"2025-07-03T20:24:23.964Z"}
{"exitCode":"SIGHUP","level":"info","message":"👾 Game executed mainprogram.juego on c:\\Users\\maima\\OneDrive\\Documents\\Visual Studio Code\\Wollok\\juego gordito alien pc\\Practica-Juego-con-Wollok-","timeElapsed":1087420,"timestamp":"2025-07-03T20:42:30.516Z"}
